  [1m[36mSQL (1.0ms)[0m  [1m SELECT name
 FROM sqlite_master
 WHERE type = 'table' AND NOT name = 'sqlite_sequence'
[0m
  [1m[35mSQL (0.0ms)[0m  select sqlite_version(*)
  [1m[36mSQL (10.0ms)[0m  [1mCREATE TABLE "schema_migrations" ("version" varchar(255) NOT NULL) [0m
  [1m[35mSQL (0.0ms)[0m  PRAGMA index_list("schema_migrations")
  [1m[36mSQL (12.0ms)[0m  [1mCREATE UNIQUE INDEX "unique_schema_migrations" ON "schema_migrations" ("version")[0m
  [1m[35mSQL (1.0ms)[0m   SELECT name
 FROM sqlite_master
 WHERE type = 'table' AND NOT name = 'sqlite_sequence'
  [1m[36mSQL (0.0ms)[0m  [1m SELECT name
 FROM sqlite_master
 WHERE type = 'table' AND NOT name = 'sqlite_sequence'
[0m
  [1m[35mSQL (1.0ms)[0m  SELECT "schema_migrations"."version" FROM "schema_migrations"
Migrating to CreateUsers (20110428234716)
  [1m[36mSQL (2.0ms)[0m  [1mCREATE TABLE "users" ("id" INTEGER PRIMARY KEY AUTOINCREMENT NOT NULL, "provider" varchar(255), "uid" varchar(255), "name" varchar(255), "created_at" datetime, "updated_at" datetime) [0m
  [1m[35mSQL (0.0ms)[0m  INSERT INTO "schema_migrations" ("version") VALUES ('20110428234716')
  [1m[36mSQL (1.0ms)[0m  [1m SELECT name
 FROM sqlite_master
 WHERE type = 'table' AND NOT name = 'sqlite_sequence'
[0m
  [1m[35mSQL (0.0ms)[0m  SELECT "schema_migrations"."version" FROM "schema_migrations"
  [1m[36mSQL (1.0ms)[0m  [1m SELECT name
 FROM sqlite_master
 WHERE type = 'table' AND NOT name = 'sqlite_sequence'
[0m
  [1m[35mSQL (0.0ms)[0m  PRAGMA index_list("users")


Started GET "/" for 127.0.0.1 at 2011-04-29 16:06:57 -0700
  Processing by SessionsController#index as HTML
Rendered sessions/index.html.erb within layouts/application (6.0ms)
Completed 200 OK in 46ms (Views: 45.0ms | ActiveRecord: 0.0ms)


Started GET "/auth/tsina" for 127.0.0.1 at 2011-04-29 16:07:07 -0700

ActionController::RoutingError (No route matches "/auth/tsina"):
  

Rendered c:/Ruby192/lib/ruby/gems/1.9.1/gems/actionpack-3.0.7/lib/action_dispatch/middleware/templates/rescues/routing_error.erb within rescues/layout (2.0ms)


Started GET "/" for 127.0.0.1 at 2011-04-29 16:08:28 -0700
  Processing by SessionsController#index as HTML
Rendered sessions/index.html.erb within layouts/application (5.0ms)
Completed 200 OK in 46ms (Views: 45.0ms | ActiveRecord: 0.0ms)


Started GET "/auth/tsina" for 127.0.0.1 at 2011-04-29 16:08:37 -0700

ActionController::RoutingError (No route matches "/auth/tsina"):
  

Rendered c:/Ruby192/lib/ruby/gems/1.9.1/gems/actionpack-3.0.7/lib/action_dispatch/middleware/templates/rescues/routing_error.erb within rescues/layout (2.0ms)


Started GET "/auth/twitter" for 127.0.0.1 at 2011-04-29 16:08:51 -0700


Started GET "/auth/twitter/callback?oauth_token=4NxA7R5slr14JG29ZKpwwTCTSPDa9HE5n9gzlZhg&oauth_verifier=UhdGLZxrEqGnIW5dLAIrAk0KNYVDuDtcy1BffOmAE" for 127.0.0.1 at 2011-04-29 16:09:01 -0700
  Processing by SessionsController#create as HTML
  Parameters: {"oauth_token"=>"4NxA7R5slr14JG29ZKpwwTCTSPDa9HE5n9gzlZhg", "oauth_verifier"=>"UhdGLZxrEqGnIW5dLAIrAk0KNYVDuDtcy1BffOmAE", "provider"=>"twitter"}
  [1m[36mSQL (0.0ms)[0m  [1m SELECT name
 FROM sqlite_master
 WHERE type = 'table' AND NOT name = 'sqlite_sequence'
[0m
  [1m[35mUser Load (0.0ms)[0m  SELECT "users".* FROM "users" WHERE "users"."provider" = 'twitter' AND "users"."uid" = '61296583' LIMIT 1
  [1m[36mAREL (1.0ms)[0m  [1mINSERT INTO "users" ("provider", "uid", "name", "created_at", "updated_at") VALUES ('twitter', '61296583', 'Baiyun Online', '2011-04-29 23:09:03.085846', '2011-04-29 23:09:03.085846')[0m
Redirected to http://localhost:3000/
Completed 302 Found in 885ms


Started GET "/" for 127.0.0.1 at 2011-04-29 16:09:03 -0700
  Processing by SessionsController#index as HTML
  [1m[35mUser Load (1.0ms)[0m  SELECT "users".* FROM "users" WHERE "users"."id" = 1 LIMIT 1
Rendered sessions/index.html.erb within layouts/application (45.0ms)
Completed 200 OK in 85ms (Views: 84.0ms | ActiveRecord: 2.0ms)


Started GET "/signout" for 127.0.0.1 at 2011-04-29 16:09:06 -0700
  Processing by SessionsController#destroy as HTML
Redirected to http://localhost:3000/
Completed 302 Found in 28ms


Started GET "/" for 127.0.0.1 at 2011-04-29 16:09:06 -0700
  Processing by SessionsController#index as HTML
Rendered sessions/index.html.erb within layouts/application (5.0ms)
Completed 200 OK in 46ms (Views: 45.0ms | ActiveRecord: 0.0ms)


Started GET "/auth/tsina" for 127.0.0.1 at 2011-04-29 16:09:13 -0700

ActionController::RoutingError (No route matches "/auth/tsina"):
  

Rendered c:/Ruby192/lib/ruby/gems/1.9.1/gems/actionpack-3.0.7/lib/action_dispatch/middleware/templates/rescues/routing_error.erb within rescues/layout (2.0ms)


Started GET "/auth/tsina" for 127.0.0.1 at 2011-04-29 16:10:29 -0700


Started GET "/" for 127.0.0.1 at 2011-04-29 16:12:06 -0700
  Processing by SessionsController#index as HTML
Rendered sessions/index.html.erb within layouts/application (5.0ms)
Completed 200 OK in 43ms (Views: 43.0ms | ActiveRecord: 0.0ms)


Started GET "/auth/weibo" for 127.0.0.1 at 2011-04-29 16:12:19 -0700


Started GET "/auth/weibo/callback?oauth_token=9fd7318a7d38dc520c476d2661913e3d&oauth_verifier=881925" for 127.0.0.1 at 2011-04-29 16:14:01 -0700


Started GET "/auth/failure?message=service_unavailable" for 127.0.0.1 at 2011-04-29 16:14:21 -0700

ActionController::RoutingError (No route matches "/auth/failure"):
  

Rendered c:/Ruby192/lib/ruby/gems/1.9.1/gems/actionpack-3.0.7/lib/action_dispatch/middleware/templates/rescues/routing_error.erb within rescues/layout (2.0ms)


Started GET "/auth/weibo" for 127.0.0.1 at 2011-04-29 16:14:37 -0700


Started GET "/auth/weibo/callback?oauth_token=4405b1c75ecfd000a33fcdc41394119c&oauth_verifier=683538" for 127.0.0.1 at 2011-04-29 16:14:38 -0700


Started GET "/auth/failure?message=invalid_credentials" for 127.0.0.1 at 2011-04-29 16:14:38 -0700

ActionController::RoutingError (No route matches "/auth/failure"):
  

Rendered c:/Ruby192/lib/ruby/gems/1.9.1/gems/actionpack-3.0.7/lib/action_dispatch/middleware/templates/rescues/routing_error.erb within rescues/layout (2.0ms)


Started GET "/" for 127.0.0.1 at 2011-04-29 16:16:29 -0700
  Processing by SessionsController#index as HTML
Rendered sessions/index.html.erb within layouts/application (5.0ms)
Completed 200 OK in 45ms (Views: 44.0ms | ActiveRecord: 0.0ms)


Started GET "/auth/tsina" for 127.0.0.1 at 2011-04-29 16:16:45 -0700


Started GET "/auth/tsina/callback?oauth_token=c626102ae975704079e93d1e3d274799&oauth_verifier=485714" for 127.0.0.1 at 2011-04-29 16:16:46 -0700
  Processing by SessionsController#create as HTML
  Parameters: {"oauth_token"=>"c626102ae975704079e93d1e3d274799", "oauth_verifier"=>"485714", "provider"=>"tsina"}
  [1m[36mSQL (0.0ms)[0m  [1m SELECT name
 FROM sqlite_master
 WHERE type = 'table' AND NOT name = 'sqlite_sequence'
[0m
  [1m[35mUser Load (1.0ms)[0m  SELECT "users".* FROM "users" WHERE "users"."provider" = 'tsina' AND "users"."uid" = '1819831344' LIMIT 1
  [1m[36mAREL (2.0ms)[0m  [1mINSERT INTO "users" ("provider", "uid", "name", "created_at", "updated_at") VALUES ('tsina', '1819831344', '白云在线', '2011-04-29 23:16:48.136445', '2011-04-29 23:16:48.136445')[0m
Redirected to http://localhost:3000/
Completed 302 Found in 868ms


Started GET "/" for 127.0.0.1 at 2011-04-29 16:16:48 -0700
  Processing by SessionsController#index as HTML
  [1m[35mUser Load (1.0ms)[0m  SELECT "users".* FROM "users" WHERE "users"."id" = 2 LIMIT 1
Rendered sessions/index.html.erb within layouts/application (71.0ms)
Completed 200 OK in 110ms (Views: 109.0ms | ActiveRecord: 4.0ms)


Started GET "/" for 127.0.0.1 at 2011-04-29 16:20:40 -0700
  Processing by SessionsController#index as HTML
  [1m[36mSQL (1.0ms)[0m  [1m SELECT name
 FROM sqlite_master
 WHERE type = 'table' AND NOT name = 'sqlite_sequence'
[0m
  [1m[35mUser Load (1.0ms)[0m  SELECT "users".* FROM "users" WHERE "users"."id" = 2 LIMIT 1
Rendered sessions/index.html.erb within layouts/application (454.0ms)
Completed 200 OK in 496ms (Views: 493.0ms | ActiveRecord: 2.0ms)


Started GET "/" for 127.0.0.1 at 2011-04-29 16:20:48 -0700
  Processing by SessionsController#index as HTML
  [1m[36mUser Load (0.0ms)[0m  [1mSELECT "users".* FROM "users" WHERE "users"."id" = 2 LIMIT 1[0m
Rendered sessions/index.html.erb within layouts/application (97.0ms)
Completed 200 OK in 144ms (Views: 143.0ms | ActiveRecord: 0.0ms)


Started GET "/signout" for 127.0.0.1 at 2011-04-29 16:21:00 -0700
  Processing by SessionsController#destroy as HTML
Redirected to http://localhost:3000/
Completed 302 Found in 1ms


Started GET "/" for 127.0.0.1 at 2011-04-29 16:21:00 -0700
  Processing by SessionsController#index as HTML
Rendered sessions/index.html.erb within layouts/application (5.0ms)
Completed 200 OK in 51ms (Views: 51.0ms | ActiveRecord: 0.0ms)


Started GET "/auth/weibo" for 127.0.0.1 at 2011-04-29 16:21:12 -0700

Net::HTTPFatalError (504 "Gateway Time-out"):
  

Rendered c:/Ruby192/lib/ruby/gems/1.9.1/gems/actionpack-3.0.7/lib/action_dispatch/middleware/templates/rescues/_trace.erb (2.0ms)
Rendered c:/Ruby192/lib/ruby/gems/1.9.1/gems/actionpack-3.0.7/lib/action_dispatch/middleware/templates/rescues/_request_and_response.erb (2.0ms)
Rendered c:/Ruby192/lib/ruby/gems/1.9.1/gems/actionpack-3.0.7/lib/action_dispatch/middleware/templates/rescues/diagnostics.erb within rescues/layout (26.0ms)


Started GET "/auth/weibo" for 127.0.0.1 at 2011-04-29 16:21:41 -0700

Net::HTTPFatalError (504 "Gateway Time-out"):
  

Rendered c:/Ruby192/lib/ruby/gems/1.9.1/gems/actionpack-3.0.7/lib/action_dispatch/middleware/templates/rescues/_trace.erb (2.0ms)
Rendered c:/Ruby192/lib/ruby/gems/1.9.1/gems/actionpack-3.0.7/lib/action_dispatch/middleware/templates/rescues/_request_and_response.erb (2.0ms)
Rendered c:/Ruby192/lib/ruby/gems/1.9.1/gems/actionpack-3.0.7/lib/action_dispatch/middleware/templates/rescues/diagnostics.erb within rescues/layout (25.0ms)


Started GET "/auth/weibo" for 127.0.0.1 at 2011-04-29 16:22:22 -0700

Net::HTTPFatalError (504 "Gateway Time-out"):
  

Rendered c:/Ruby192/lib/ruby/gems/1.9.1/gems/actionpack-3.0.7/lib/action_dispatch/middleware/templates/rescues/_trace.erb (1.0ms)
Rendered c:/Ruby192/lib/ruby/gems/1.9.1/gems/actionpack-3.0.7/lib/action_dispatch/middleware/templates/rescues/_request_and_response.erb (2.0ms)
Rendered c:/Ruby192/lib/ruby/gems/1.9.1/gems/actionpack-3.0.7/lib/action_dispatch/middleware/templates/rescues/diagnostics.erb within rescues/layout (26.0ms)


Started GET "/auth/weibo" for 127.0.0.1 at 2011-04-29 16:28:38 -0700


Started GET "/auth/weibo/callback?oauth_token=7ff736f5d3d0d468bd499ff39d6571bc&oauth_verifier=832024" for 127.0.0.1 at 2011-04-29 16:28:39 -0700


Started GET "/auth/failure?message=invalid_credentials" for 127.0.0.1 at 2011-04-29 16:28:39 -0700

ActionController::RoutingError (No route matches "/auth/failure"):
  

Rendered c:/Ruby192/lib/ruby/gems/1.9.1/gems/actionpack-3.0.7/lib/action_dispatch/middleware/templates/rescues/routing_error.erb within rescues/layout (1.0ms)
